/*C12*/SET SCHEMA PUBLIC
DELETE FROM "flyway_schema_history" WHERE "installed_rank"=3
COMMIT
SET SCHEMA "PUBLIC"
SET SCHEMA "PUBLIC"
CREATE UNIQUE INDEX tbl_table_numero_index ON tbl_table(numero)
INSERT INTO "flyway_schema_history" VALUES(3,'3','create-indexes','SQL','V3__create-indexes.sql',810968640,'SA','2024-04-02 17:19:32.639901',72,'1')
COMMIT
SET SCHEMA "PUBLIC"
DISCONNECT
/*C13*/SET SCHEMA PUBLIC
DISCONNECT
/*C14*/SET SCHEMA PUBLIC
DISCONNECT
/*C15*/SET SCHEMA PUBLIC
DISCONNECT
/*C16*/SET SCHEMA PUBLIC
DISCONNECT
/*C17*/SET SCHEMA PUBLIC
DISCONNECT
/*C18*/SET SCHEMA PUBLIC
DISCONNECT
/*C19*/SET SCHEMA PUBLIC
DISCONNECT
/*C20*/SET SCHEMA PUBLIC
DISCONNECT
/*C21*/SET SCHEMA PUBLIC
DISCONNECT
